<?xml version="1.0" encoding="UTF-8"?>
<!-- Generated by org.testng.reporters.JUnitReportReporter -->
<testsuite skipped="0" hostname="PVCO347" name="testcases.TC_001" tests="1" failures="0" timestamp="04 Jun 2019 09:33:14 GMT" time="12.077" errors="0">
  <testcase name="testcase1" time="12.077" classname="testcases.TC_001"/>
</testsuite> <!-- testcases.TC_001 -->
